\BOOKMARK [1][-]{section.1}{Introduction}{}% 1
\BOOKMARK [2][-]{subsection.1.1}{What's\040Included}{section.1}% 2
\BOOKMARK [2][-]{subsection.1.2}{What's\040Required}{section.1}% 3
\BOOKMARK [1][-]{section.2}{The\040Basics}{}% 4
\BOOKMARK [2][-]{subsection.2.1}{Hardware\040Architecture}{section.2}% 5
\BOOKMARK [2][-]{subsection.2.2}{Status\040Indicators}{section.2}% 6
\BOOKMARK [2][-]{subsection.2.3}{R/C\040Controller}{section.2}% 7
\BOOKMARK [2][-]{subsection.2.4}{System\040Specifications}{section.2}% 8
\BOOKMARK [1][-]{section.3}{Safety}{}% 9
\BOOKMARK [2][-]{subsection.3.1}{General\040Warnings}{section.3}% 10
\BOOKMARK [2][-]{subsection.3.2}{Electrical\040System}{section.3}% 11
\BOOKMARK [2][-]{subsection.3.3}{Lifting\040and\040Transport}{section.3}% 12
\BOOKMARK [1][-]{section.4}{Getting\040Started}{}% 13
\BOOKMARK [2][-]{subsection.4.1}{Platform\040Deployment}{section.4}% 14
\BOOKMARK [2][-]{subsection.4.2}{Battery\040Pack\040Installation}{section.4}% 15
\BOOKMARK [2][-]{subsection.4.3}{Powering\040On}{section.4}% 16
\BOOKMARK [2][-]{subsection.4.4}{Backup\040R/C\040Operation}{section.4}% 17
\BOOKMARK [1][-]{section.5}{ROS\040Operation}{}% 18
\BOOKMARK [2][-]{subsection.5.1}{PC\040Setup}{section.5}% 19
\BOOKMARK [2][-]{subsection.5.2}{SSH\040Connection}{section.5}% 20
\BOOKMARK [2][-]{subsection.5.3}{Developing\040with\040the\040Onboard\040PC}{section.5}% 21
\BOOKMARK [2][-]{subsection.5.4}{ROS\040Remote\040Setup}{section.5}% 22
\BOOKMARK [2][-]{subsection.5.5}{ROS\040Remote\040Teleoperation}{section.5}% 23
\BOOKMARK [2][-]{subsection.5.6}{Key\040Topics}{section.5}% 24
\BOOKMARK [1][-]{section.6}{Payload\040Integration}{}% 25
\BOOKMARK [1][-]{section.7}{Maintenance}{}% 26
\BOOKMARK [2][-]{subsection.7.1}{Charging}{section.7}% 27
\BOOKMARK [2][-]{subsection.7.2}{Battery\040Pack}{section.7}% 28
\BOOKMARK [2][-]{subsection.7.3}{Electronics\040Bay}{section.7}% 29
\BOOKMARK [1][-]{section.8}{Tips\040and\040Troubleshooting}{}% 30
\BOOKMARK [1][-]{section.9}{Service\040and\040Support}{}% 31
