mktextfm Helvetica
mktextfm Helvetica
mktextfm Helvetica
mktextfm Helvetica/BI
mktextfm Helvetica
mktextfm Helvetica/B
mktextfm Helvetica
mktextfm Helvetica/I
mktextfm Helvetica
mktextfm Helvetica
mktextfm Helvetica
mktextfm Helvetica
mktextfm Helvetica
mktextfm DINPro
mktextfm DINPro
mktextfm DINPro
mktextfm DINPro/BI
mktextfm DINPro
mktextfm DINPro/B
mktextfm DINPro
mktextfm DINPro/I
mktextfm DINPro
mktextfm DINPro
mktextfm Helvetica
mktextfm Helvetica
mktextfm DINPro
mktextfm DINPro
mktextfm DINPro
mktextfm DINPro
mktextfm Helvetica
mktextfm DINPro
mktextfm DINPro
mktextfm DINPro
mktextfm DINPro/BI
mktextfm DINPro
mktextfm DINPro/B
mktextfm DINPro
mktextfm DINPro/I
mktextfm DINPro
mktextfm DINPro
mktextfm DINPro
mktextfm DINPro
mktextfm DINPro
mktextfm DINPro
